\BOOKMARK [1][-]{section.1}{\376\377\000W\000p\000r\000o\000w\000a\000d\000z\000e\000n\000i\000e}{}% 1
\BOOKMARK [2][-]{subsection.1.1}{\376\377\000C\000e\000l\000\040\000p\000r\000o\000j\000e\000k\000t\000u}{section.1}% 2
\BOOKMARK [2][-]{subsection.1.2}{\376\377\000Z\000a\000k\000r\000e\000s\000\040\000p\000r\000o\000j\000e\000k\000t\000u}{section.1}% 3
\BOOKMARK [1][-]{section.2}{\376\377\000A\000r\000c\000h\000i\000t\000e\000k\000t\000u\000r\000a\000\040\000s\000y\000s\000t\000e\000m\000u}{}% 4
\BOOKMARK [2][-]{subsection.2.1}{\376\377\000S\000c\000h\000e\000m\000a\000t\000\040\000a\000r\000c\000h\000i\000t\000e\000k\000t\000u\000r\000y}{section.2}% 5
\BOOKMARK [2][-]{subsection.2.2}{\376\377\000O\000p\000i\000s\000\040\000k\000o\000m\000p\000o\000n\000e\000n\000t\000\363\000w}{section.2}% 6
\BOOKMARK [3][-]{subsubsection.2.2.1}{\376\377\000U\000r\000z\001\005\000d\000z\000e\000n\000i\000a\000\040\000O\000P\000C\000\040\000U\000A}{subsection.2.2}% 7
\BOOKMARK [3][-]{subsubsection.2.2.2}{\376\377\000I\000n\000d\000u\000s\000t\000r\000i\000a\000l\000I\000o\000T\000.\000A\000g\000e\000n\000t}{subsection.2.2}% 8
\BOOKMARK [3][-]{subsubsection.2.2.3}{\376\377\000A\000z\000u\000r\000e\000\040\000I\000o\000T\000\040\000H\000u\000b}{subsection.2.2}% 9
\BOOKMARK [3][-]{subsubsection.2.2.4}{\376\377\000S\000t\000r\000e\000a\000m\000\040\000A\000n\000a\000l\000y\000t\000i\000c\000s}{subsection.2.2}% 10
\BOOKMARK [3][-]{subsubsection.2.2.5}{\376\377\000I\000n\000d\000u\000s\000t\000r\000i\000a\000l\000I\000o\000T\000.\000F\000u\000n\000c\000t\000i\000o\000n\000s}{subsection.2.2}% 11
\BOOKMARK [1][-]{section.3}{\376\377\000I\000m\000p\000l\000e\000m\000e\000n\000t\000a\000c\000j\000a\000\040\000k\000o\000m\000p\000o\000n\000e\000n\000t\000\363\000w}{}% 12
\BOOKMARK [2][-]{subsection.3.1}{\376\377\000I\000n\000d\000u\000s\000t\000r\000i\000a\000l\000I\000o\000T\000.\000A\000g\000e\000n\000t}{section.3}% 13
\BOOKMARK [3][-]{subsubsection.3.1.1}{\376\377\000S\000t\000r\000u\000k\000t\000u\000r\000a\000\040\000p\000r\000o\000j\000e\000k\000t\000u}{subsection.3.1}% 14
\BOOKMARK [3][-]{subsubsection.3.1.2}{\376\377\000K\000l\000a\000s\000a\000\040\000I\000o\000T\000D\000e\000v\000i\000c\000e}{subsection.3.1}% 15
\BOOKMARK [3][-]{subsubsection.3.1.3}{\376\377\000K\000l\000a\000s\000a\000\040\000O\000p\000c\000D\000e\000v\000i\000c\000e}{subsection.3.1}% 16
\BOOKMARK [2][-]{subsection.3.2}{\376\377\000I\000n\000d\000u\000s\000t\000r\000i\000a\000l\000I\000o\000T\000.\000F\000u\000n\000c\000t\000i\000o\000n\000s}{section.3}% 17
\BOOKMARK [3][-]{subsubsection.3.2.1}{\376\377\000S\000t\000r\000u\000k\000t\000u\000r\000a\000\040\000p\000r\000o\000j\000e\000k\000t\000u}{subsection.3.2}% 18
\BOOKMARK [3][-]{subsubsection.3.2.2}{\376\377\000M\000o\000d\000e\000l\000e\000\040\000d\000a\000n\000y\000c\000h}{subsection.3.2}% 19
\BOOKMARK [3][-]{subsubsection.3.2.3}{\376\377\000I\000n\000t\000e\000g\000r\000a\000c\000j\000a\000\040\000z\000\040\000A\000z\000u\000r\000e\000\040\000I\000o\000T\000\040\000H\000u\000b}{subsection.3.2}% 20
\BOOKMARK [3][-]{subsubsection.3.2.4}{\376\377\000F\000u\000n\000k\000c\000j\000e\000\040\000b\000i\000z\000n\000e\000s\000o\000w\000e}{subsection.3.2}% 21
\BOOKMARK [2][-]{subsection.3.3}{\376\377\000S\000t\000r\000e\000a\000m\000\040\000A\000n\000a\000l\000y\000t\000i\000c\000s}{section.3}% 22
\BOOKMARK [3][-]{subsubsection.3.3.1}{\376\377\000Z\000a\000p\000y\000t\000a\000n\000i\000a}{subsection.3.3}% 23
\BOOKMARK [1][-]{section.4}{\376\377\000B\000e\000z\000p\000i\000e\000c\000z\000e\001\104\000s\000t\000w\000o\000\040\000s\000y\000s\000t\000e\000m\000u}{}% 24
\BOOKMARK [2][-]{subsection.4.1}{\376\377\000M\000e\000c\000h\000a\000n\000i\000z\000m\000y\000\040\000u\000w\000i\000e\000r\000z\000y\000t\000e\000l\000n\000i\000a\000n\000i\000a}{section.4}% 25
\BOOKMARK [2][-]{subsection.4.2}{\376\377\000Z\000a\000b\000e\000z\000p\000i\000e\000c\000z\000e\000n\000i\000e\000\040\000t\000r\000a\000n\000s\000m\000i\000s\000j\000i\000\040\000d\000a\000n\000y\000c\000h}{section.4}% 26
\BOOKMARK [2][-]{subsection.4.3}{\376\377\000Z\000a\000r\000z\001\005\000d\000z\000a\000n\000i\000e\000\040\000t\000o\001\174\000s\000a\000m\000o\001\133\000c\000i\000a\000m\000i\000\040\000u\000r\000z\001\005\000d\000z\000e\001\104}{section.4}% 27
\BOOKMARK [1][-]{section.5}{\376\377\000K\000o\000n\000f\000i\000g\000u\000r\000a\000c\000j\000a\000\040\000i\000\040\000w\000d\000r\000o\001\174\000e\000n\000i\000e}{}% 28
\BOOKMARK [2][-]{subsection.5.1}{\376\377\000W\000y\000m\000a\000g\000a\000n\000i\000a\000\040\000w\000s\000t\001\031\000p\000n\000e}{section.5}% 29
\BOOKMARK [2][-]{subsection.5.2}{\376\377\000K\000o\000n\000f\000i\000g\000u\000r\000a\000c\000j\000a\000\040\000l\000o\000k\000a\000l\000n\000e\000g\000o\000\040\001\133\000r\000o\000d\000o\000w\000i\000s\000k\000a}{section.5}% 30
\BOOKMARK [3][-]{subsubsection.5.2.1}{\376\377\000K\000o\000n\000f\000i\000g\000u\000r\000a\000c\000j\000a\000\040\000a\000g\000e\000n\000t\000a\000\040\000I\000o\000T}{subsection.5.2}% 31
\BOOKMARK [3][-]{subsubsection.5.2.2}{\376\377\000K\000o\000n\000f\000i\000g\000u\000r\000a\000c\000j\000a\000\040\000A\000z\000u\000r\000e\000\040\000F\000u\000n\000c\000t\000i\000o\000n\000s}{subsection.5.2}% 32
\BOOKMARK [2][-]{subsection.5.3}{\376\377\000U\000r\000u\000c\000h\000o\000m\000i\000e\000n\000i\000e\000\040\000l\000o\000k\000a\000l\000n\000e}{section.5}% 33
\BOOKMARK [3][-]{subsubsection.5.3.1}{\376\377\000U\000r\000u\000c\000h\000o\000m\000i\000e\000n\000i\000e\000\040\000a\000g\000e\000n\000t\000a\000\040\000I\000o\000T}{subsection.5.3}% 34
\BOOKMARK [3][-]{subsubsection.5.3.2}{\376\377\000U\000r\000u\000c\000h\000o\000m\000i\000e\000n\000i\000e\000\040\000A\000z\000u\000r\000e\000\040\000F\000u\000n\000c\000t\000i\000o\000n\000s}{subsection.5.3}% 35
\BOOKMARK [2][-]{subsection.5.4}{\376\377\000W\000d\000r\000o\001\174\000e\000n\000i\000e\000\040\000n\000a\000\040\000A\000z\000u\000r\000e}{section.5}% 36
\BOOKMARK [3][-]{subsubsection.5.4.1}{\376\377\000W\000d\000r\000o\001\174\000e\000n\000i\000e\000\040\000A\000z\000u\000r\000e\000\040\000F\000u\000n\000c\000t\000i\000o\000n\000s}{subsection.5.4}% 37
\BOOKMARK [3][-]{subsubsection.5.4.2}{\376\377\000K\000o\000n\000f\000i\000g\000u\000r\000a\000c\000j\000a\000\040\000S\000t\000r\000e\000a\000m\000\040\000A\000n\000a\000l\000y\000t\000i\000c\000s}{subsection.5.4}% 38
\BOOKMARK [3][-]{subsubsection.5.4.3}{\376\377\000W\000d\000r\000o\001\174\000e\000n\000i\000e\000\040\000a\000g\000e\000n\000t\000a\000\040\000I\000o\000T}{subsection.5.4}% 39
\BOOKMARK [1][-]{section.6}{\376\377\000B\000i\000b\000l\000i\000o\000g\000r\000a\000f\000i\000a}{}% 40
